<?xml version="1.0" encoding="UTF-8"?>
<testsuite xmlns:xsi="http://www.w3.org/2001/XMLSchema-instance" xsi:schemaLocation="https://maven.apache.org/surefire/maven-surefire-plugin/xsd/surefire-test-report.xsd" name="TestSuite" time="699.944" tests="14" errors="0" skipped="0" failures="0">
  <properties>
[...]
</properties>
  <testcase name="testEastServerStatus" classname="com.ipeas.verifysnmp.automation.ServerStatusTests" time="0.692"/>
  <testcase name="testWestServerStatus" classname="com.ipeas.verifysnmp.automation.ServerStatusTests" time="0.629"/>
  <testcase name="testVPNSFailure" classname="com.ipeas.alerts.VPNSFailoverTest" time="23.421"/>
  <testcase name="checkVPNSTrap" classname="com.ipeas.verifysnmp.automation.SnmpTrapForVpnsTests" time="15.142"/>
  <testcase name="testCDNFailure" classname="com.ipeas.alerts.CDNFailoverTest" time="23.739"/>
  <testcase name="checkCDNTrap" classname="com.ipeas.verifysnmp.automation.CdnSnmpTrapTests" time="14.35"/>
  <testcase name="testPeerFailure" classname="com.ipeas.alerts.PeerFailureTest" time="74.228"/>
  <testcase name="checkPeerFailureSnmp" classname="com.ipeas.verifysnmp.automation.PeerFailureSnmpTests" time="13.022"/>
  <testcase name="checkHttpTrap" classname="com.ipeas.verifysnmp.automation.HttpSnmpTrapTests" time="30.915"/>
  <testcase name="checkMysqlTrap" classname="com.ipeas.verifysnmp.automation.MysqlSnmpTrapTests" time="33.967"/>
  <testcase name="checkJettyTrap" classname="com.ipeas.verifysnmp.automation.JettySnmpTrapTests" time="32.172"/>
  <testcase name="checkHttpTrap" classname="com.ipeas.verifysnmp.automation.HttpSnmpTrapTestsForWest" time="35.068"/>
  <testcase name="checkMysqlTrap" classname="com.ipeas.verifysnmp.automation.MysqlSnmpTrapTestsForWest" time="37.9"/>
  <testcase name="checkJettyTrap" classname="com.ipeas.verifysnmp.automation.JettySnmpTrapTestsForWest" time="38.051"/>
</testsuite>