<?xml version="1.0" encoding="UTF-8"?>
<!-- Generated by org.testng.reporters.JUnitXMLReporter -->
<testsuite hostname="AMITSRIVASTAVA" name="Regression_Suite" tests="14" failures="0" timestamp="27 Mar 2017 09:14:49 GMT" time="697.977" errors="0">
  <testcase name="testEastServerStatus" time="0.692" classname="com.ipeas.verifysnmp.automation.ServerStatusTests"/>
  <testcase name="testWestServerStatus" time="0.627" classname="com.ipeas.verifysnmp.automation.ServerStatusTests"/>
  <testcase name="testVPNSFailure" time="23.419" classname="com.ipeas.alerts.VPNSFailoverTest"/>
  <testcase name="checkVPNSTrap" time="15.143" classname="com.ipeas.verifysnmp.automation.SnmpTrapForVpnsTests"/>
  <testcase name="testCDNFailure" time="23.738" classname="com.ipeas.alerts.CDNFailoverTest"/>
  <testcase name="checkCDNTrap" time="14.334" classname="com.ipeas.verifysnmp.automation.CdnSnmpTrapTests"/>
  <testcase name="testPeerFailure" time="74.228" classname="com.ipeas.alerts.PeerFailureTest"/>
  <testcase name="checkPeerFailureSnmp" time="13.026" classname="com.ipeas.verifysnmp.automation.PeerFailureSnmpTests"/>
  <testcase name="checkHttpTrap" time="30.911" classname="com.ipeas.verifysnmp.automation.HttpSnmpTrapTests"/>
  <testcase name="checkMysqlTrap" time="33.97" classname="com.ipeas.verifysnmp.automation.MysqlSnmpTrapTests"/>
  <testcase name="checkJettyTrap" time="32.171" classname="com.ipeas.verifysnmp.automation.JettySnmpTrapTests"/>
  <testcase name="checkHttpTrap" time="35.067" classname="com.ipeas.verifysnmp.automation.HttpSnmpTrapTestsForWest"/>
  <testcase name="checkMysqlTrap" time="37.901" classname="com.ipeas.verifysnmp.automation.MysqlSnmpTrapTestsForWest"/>
  <testcase name="checkJettyTrap" time="38.052" classname="com.ipeas.verifysnmp.automation.JettySnmpTrapTestsForWest"/>
</testsuite> <!-- Regression_Suite -->
